Build started 8/2/2015 8:03:03 PM.
     1>Project "C:\Users\Steve Cho\documents\visual studio 2010\Projects\truefalse\truefalse\truefalse.vcxproj" on node 2 (build target(s)).
     1>InitializeBuildStatus:
         Creating "Debug\truefalse.unsuccessfulbuild" because "AlwaysCreate" was specified.
       ClCompile:
         c:\Program Files (x86)\Microsoft Visual Studio 10.0\VC\bin\CL.exe /c /IC:\opencv\build\include /ZI /nologo /W3 /WX- /Od /Oy- /D WIN32 /D _DEBUG /D _CONSOLE /D _UNICODE /D UNICODE /Gm /EHsc /RTC1 /MDd /GS /fp:precise /Zc:wchar_t /Zc:forScope /Fo"Debug\\" /Fd"Debug\vc100.pdb" /Gd /TP /analyze- /errorReport:prompt truefalse.cpp
         truefalse.cpp
       ManifestResourceCompile:
         All outputs are up-to-date.
       Link:
         c:\Program Files (x86)\Microsoft Visual Studio 10.0\VC\bin\link.exe /ERRORREPORT:PROMPT /OUT:"C:\Users\Steve Cho\documents\visual studio 2010\Projects\truefalse\Debug\truefalse.exe" /INCREMENTAL /NOLOGO /LIBPATH:C:\opencv\build\x86\vc10\lib opencv_calib3d2411d.lib opencv_contrib2411d.lib opencv_core2411d.lib opencv_features2d2411d.lib opencv_flann2411d.lib opencv_gpu2411d.lib opencv_highgui2411d.lib opencv_imgproc2411d.lib opencv_legacy2411d.lib opencv_ml2411d.lib opencv_nonfree2411d.lib opencv_objdetect2411d.lib opencv_photo2411d.lib opencv_stitching2411d.lib opencv_ts2411d.lib opencv_video2411d.lib opencv_videostab2411d.lib kernel32.lib user32.lib gdi32.lib winspool.lib comdlg32.lib advapi32.lib shell32.lib ole32.lib oleaut32.lib uuid.lib odbc32.lib odbccp32.lib /MANIFEST /ManifestFile:"Debug\truefalse.exe.intermediate.manifest" /MANIFESTUAC:"level='asInvoker' uiAccess='false'" /DEBUG /PDB:"C:\Users\Steve Cho\documents\visual studio 2010\Projects\truefalse\Debug\truefalse.pdb" /SUBSYSTEM:CONSOLE /TLBID:1 /DYNAMICBASE /NXCOMPAT /IMPLIB:"C:\Users\Steve Cho\documents\visual studio 2010\Projects\truefalse\Debug\truefalse.lib" /MACHINE:X86 Debug\truefalse.exe.embed.manifest.res
         Debug\truefalse.obj
       Manifest:
         C:\Program Files (x86)\Microsoft SDKs\Windows\v7.0A\bin\mt.exe /nologo /verbose /out:"Debug\truefalse.exe.embed.manifest" /manifest Debug\truefalse.exe.intermediate.manifest
         All outputs are up-to-date.
       LinkEmbedManifest:
         All outputs are up-to-date.
         truefalse.vcxproj -> C:\Users\Steve Cho\documents\visual studio 2010\Projects\truefalse\Debug\truefalse.exe
       FinalizeBuildStatus:
         Deleting file "Debug\truefalse.unsuccessfulbuild".
         Touching "Debug\truefalse.lastbuildstate".
     1>Done Building Project "C:\Users\Steve Cho\documents\visual studio 2010\Projects\truefalse\truefalse\truefalse.vcxproj" (build target(s)).

Build succeeded.

Time Elapsed 00:00:01.56
